0 silly argv {
0 silly argv   _: [ 'add' ],
0 silly argv   scope: 'm1',
0 silly argv   globs: [],
0 silly argv   lernaVersion: '5.5.0',
0 silly argv   '$0': 'C:\\Users\\Administrator\\AppData\\Roaming\\npm\\node_modules\\lerna\\cli.js',
0 silly argv   pkg: 'm2'
0 silly argv }
1 notice cli v5.5.0
2 verbose rootPath D:\code\liumingtai\lerna
3 notice filter including "m1"
4 info filter [ 'm1' ]
5 error TypeError: Invalid comparator: workspace:^0.0.0
5 error     at Comparator.parse (D:\code\liumingtai\lerna\node_modules\_semver@7.3.7@semver\classes\comparator.js:38:13)
5 error     at new Comparator (D:\code\liumingtai\lerna\node_modules\_semver@7.3.7@semver\classes\comparator.js:22:10)
5 error     at D:\code\liumingtai\lerna\node_modules\_semver@7.3.7@semver\classes\range.js:133:47
5 error     at Array.map (<anonymous>)
5 error     at Range.parseRange (D:\code\liumingtai\lerna\node_modules\_semver@7.3.7@semver\classes\range.js:133:35)
5 error     at D:\code\liumingtai\lerna\node_modules\_semver@7.3.7@semver\classes\range.js:34:22
5 error     at Array.map (<anonymous>)
5 error     at new Range (D:\code\liumingtai\lerna\node_modules\_semver@7.3.7@semver\classes\range.js:34:8)
5 error     at Object.intersects (D:\code\liumingtai\lerna\node_modules\_semver@7.3.7@semver\ranges\intersects.js:3:8)
